<?xml version="1.0" encoding="UTF-8" ?>
<testsuite failures="0" time="2.455" errors="0" skipped="0" tests="31" name="TestSuite">
  <properties>
[...]
</properties>
  <testcase time="0.05" classname="com.github.alinaioanaflorea.xmldiff.core.common.UtilitiesTest" name="testGetXmlAttributes"/>
  <testcase time="0.283" classname="com.github.alinaioanaflorea.xmldiff.core.common.UtilitiesTest" name="testGetXmlAttributes2"/>
  <testcase time="0.002" classname="com.github.alinaioanaflorea.xmldiff.core.common.UtilitiesTest" name="testGetXmlRootNode"/>
  <testcase time="0.319" classname="com.github.alinaioanaflorea.xmldiff.core.common.UtilitiesTest" name="testGetXmlRootNode"/>
  <testcase time="0.002" classname="com.github.alinaioanaflorea.xmldiff.core.common.UtilitiesTest" name="testGetXmlRootNode"/>
  <testcase time="0.002" classname="com.github.alinaioanaflorea.xmldiff.core.common.UtilitiesTest" name="testGetXmlRootNode"/>
  <testcase time="0.003" classname="com.github.alinaioanaflorea.xmldiff.core.common.UtilitiesTest" name="testGetXmlRootNode"/>
  <testcase time="0" classname="com.github.alinaioanaflorea.xmldiff.core.common.UtilitiesTest" name="testGetXmlRootNode"/>
  <testcase time="0.001" classname="com.github.alinaioanaflorea.xmldiff.core.common.UtilitiesTest" name="testGetXmlRootNode"/>
  <testcase time="0" classname="com.github.alinaioanaflorea.xmldiff.core.common.UtilitiesTest" name="testGetXmlRootNode2"/>
  <testcase time="0" classname="com.github.alinaioanaflorea.xmldiff.core.service.impl.FileToXmlElemConverterTest" name="testProcess"/>
  <testcase time="0" classname="com.github.alinaioanaflorea.xmldiff.core.service.impl.FileToXmlElemConverterTest" name="testProcess2"/>
  <testcase time="0.003" classname="com.github.alinaioanaflorea.xmldiff.core.service.impl.FileToXmlElemConverterTest" name="testProcess2_1"/>
  <testcase time="0.008" classname="com.github.alinaioanaflorea.xmldiff.core.service.impl.FileToXmlElemConverterTest" name="testProcess2_2"/>
  <testcase time="0.024" classname="com.github.alinaioanaflorea.xmldiff.core.service.impl.FileToXmlElemConverterTest" name="testProcess2_3"/>
  <testcase time="0.003" classname="com.github.alinaioanaflorea.xmldiff.core.service.impl.FileToXmlElemConverterTest" name="testProcess3"/>
  <testcase time="0.011" classname="com.github.alinaioanaflorea.xmldiff.core.service.impl.FileToXmlElemConverterTest" name="testProcess3_1"/>
  <testcase time="0.012" classname="com.github.alinaioanaflorea.xmldiff.core.service.impl.FileToXmlElemConverterTest" name="testProcess3_2"/>
  <testcase time="0.003" classname="com.github.alinaioanaflorea.xmldiff.core.service.impl.FileToXmlElemConverterTest" name="testProcess3_3"/>
  <testcase time="0.008" classname="com.github.alinaioanaflorea.xmldiff.core.service.impl.FileToXmlElemConverterTest" name="testProcess3_4"/>
  <testcase time="0.016" classname="com.github.alinaioanaflorea.xmldiff.core.service.impl.FileToXmlElemConverterTest" name="testProcess5"/>
  <testcase time="0.008" classname="com.github.alinaioanaflorea.xmldiff.core.service.impl.FileToXmlElemConverterTest" name="testProcess6"/>
  <testcase time="0.002" classname="com.github.alinaioanaflorea.xmldiff.core.service.impl.FileToXmlElemConverterTest" name="testProcess7"/>
  <testcase time="0.002" classname="com.github.alinaioanaflorea.xmldiff.core.service.impl.XmlElemMatcherTest" name="match"/>
  <testcase time="0.002" classname="com.github.alinaioanaflorea.xmldiff.core.service.impl.XmlElemMatcherTest" name="match1"/>
  <testcase time="0" classname="com.github.alinaioanaflorea.xmldiff.core.service.impl.XmlElemMatcherTest" name="match2"/>
  <testcase time="0.001" classname="com.github.alinaioanaflorea.xmldiff.core.service.impl.XmlElemMatcherTest" name="match3"/>
  <testcase time="0.001" classname="com.github.alinaioanaflorea.xmldiff.core.service.impl.XmlElemMatcherTest" name="match4"/>
  <testcase time="0.013" classname="com.github.alinaioanaflorea.xmldiff.core.service.impl.XmlElemMatcherTest" name="match5"/>
  <testcase time="0.001" classname="com.github.alinaioanaflorea.xmldiff.core.service.impl.XmlElemToStringConverterTest" name="testProcess"/>
  <testcase time="0.006" classname="com.github.alinaioanaflorea.xmldiff.core.service.impl.XmlElemToStringConverterTest" name="testProcess2"/>
</testsuite>